TN:
SF:src/run.ts
FN:4,(anonymous_16)
FN:4,(anonymous_17)
FN:6,(anonymous_18)
FN:27,(anonymous_19)
FN:28,(anonymous_20)
FN:28,(anonymous_21)
FN:28,(anonymous_22)
FN:52,(anonymous_23)
FN:53,(anonymous_24)
FNF:9
FNH:2
FNDA:5,(anonymous_16)
FNDA:5,(anonymous_17)
FNDA:0,(anonymous_18)
FNDA:0,(anonymous_19)
FNDA:0,(anonymous_20)
FNDA:0,(anonymous_21)
FNDA:0,(anonymous_22)
FNDA:0,(anonymous_23)
FNDA:0,(anonymous_24)
DA:1,1
DA:2,1
DA:4,5
DA:5,5
DA:6,5
DA:7,0
DA:8,0
DA:9,0
DA:10,0
DA:12,0
DA:13,0
DA:14,0
DA:15,0
DA:18,0
DA:19,0
DA:20,0
DA:22,0
DA:23,0
DA:24,0
DA:27,0
DA:28,0
DA:29,0
DA:30,0
DA:33,0
DA:34,0
DA:35,0
DA:38,0
DA:40,0
DA:46,0
DA:48,0
DA:49,0
DA:52,0
DA:53,0
DA:54,0
DA:55,0
DA:57,0
DA:58,0
DA:60,0
DA:63,0
DA:65,0
DA:66,0
DA:67,0
DA:70,0
DA:71,0
DA:77,0
DA:79,0
LF:46
LH:5
BRDA:15,0,0,0
BRDA:15,0,1,0
BRDA:15,1,0,0
BRDA:15,1,1,0
BRDA:18,2,0,0
BRDA:22,3,0,0
BRDA:28,4,0,0
BRDA:28,5,0,0
BRDA:28,5,1,0
BRDA:33,6,0,0
BRDA:33,7,0,0
BRDA:33,7,1,0
BRDA:54,8,0,0
BRDA:57,9,0,0
BRDA:65,10,0,0
BRF:15
BRH:0
end_of_record
